<?xml version="1.0" encoding="UTF-8"?>
<testsuites name="GutTests" failures="0" tests="29" >
  <testsuite name="tests/test_ai_manager.gd" tests="1" failures="0" skipped="0" time="0.000282" >
      <testcase name="test_ai_manager_instantiates" assertions="1" status="pass" classname="tests/test_ai_manager.gd" time="0.000282" >
      </testcase>
      </testsuite>
  <testsuite name="tests/test_audio_manager.gd" tests="4" failures="0" skipped="0" time="0.000662" >
      <testcase name="test_audio_manager_instantiates" assertions="1" status="pass" classname="tests/test_audio_manager.gd" time="0.00015" >
      </testcase>
      <testcase name="test_set_master_volume" assertions="1" status="pass" classname="tests/test_audio_manager.gd" time="0.000184" >
      </testcase>
      <testcase name="test_play_sfx" assertions="1" status="pass" classname="tests/test_audio_manager.gd" time="0.000169" >
      </testcase>
      <testcase name="test_play_music" assertions="1" status="pass" classname="tests/test_audio_manager.gd" time="0.000159" >
      </testcase>
      </testsuite>
  <testsuite name="tests/test_colony_manager.gd" tests="2" failures="0" skipped="0" time="0.000207" >
      <testcase name="test_colony_manager_instantiates" assertions="1" status="pass" classname="tests/test_colony_manager.gd" time="0.000102" >
      </testcase>
      <testcase name="test_colonies_dict_initially_empty" assertions="1" status="pass" classname="tests/test_colony_manager.gd" time="0.000105" >
      </testcase>
      </testsuite>
  <testsuite name="tests/test_combat.gd" tests="1" failures="0" skipped="0" time="0.009435" >
      <testcase name="test_ship_combat_interaction" assertions="3" status="pass" classname="tests/test_combat.gd" time="0.009435" >
      </testcase>
      </testsuite>
  <testsuite name="tests/test_data_manager.gd" tests="4" failures="0" skipped="0" time="0.000569" >
      <testcase name="test_technologies_are_loaded" assertions="1" status="pass" classname="tests/test_data_manager.gd" time="0.000158" >
      </testcase>
      <testcase name="test_get_technology_returns_valid_tech" assertions="2" status="pass" classname="tests/test_data_manager.gd" time="0.000189" >
      </testcase>
      <testcase name="test_get_technology_returns_null_for_invalid_id" assertions="1" status="pass" classname="tests/test_data_manager.gd" time="0.000121" >
      </testcase>
      <testcase name="test_tech_tree_data_is_loaded" assertions="1" status="pass" classname="tests/test_data_manager.gd" time="0.000101" >
      </testcase>
      </testsuite>
  <testsuite name="tests/test_debug_manager.gd" tests="2" failures="0" skipped="0" time="0.000272" >
      <testcase name="test_debug_manager_instantiates" assertions="1" status="pass" classname="tests/test_debug_manager.gd" time="0.000101" >
      </testcase>
      <testcase name="test_log_action" assertions="1" status="pass" classname="tests/test_debug_manager.gd" time="0.000171" >
      </testcase>
      </testsuite>
  <testsuite name="tests/test_empire_manager.gd" tests="4" failures="0" skipped="0" time="0.000592" >
      <testcase name="test_empire_manager_instantiates" assertions="1" status="pass" classname="tests/test_empire_manager.gd" time="0.000111" >
      </testcase>
      <testcase name="test_empires_dict_initially_empty" assertions="1" status="pass" classname="tests/test_empire_manager.gd" time="0.000102" >
      </testcase>
      <testcase name="test_register_empire" assertions="1" status="pass" classname="tests/test_empire_manager.gd" time="0.000178" >
      </testcase>
      <testcase name="test_get_empire_by_id" assertions="2" status="pass" classname="tests/test_empire_manager.gd" time="0.000201" >
      </testcase>
      </testsuite>
  <testsuite name="tests/test_galaxy.gd" tests="1" failures="0" skipped="0" time="0.005065" >
      <testcase name="test_galaxy_generation_runs" assertions="2" status="pass" classname="tests/test_galaxy.gd" time="0.005065" >
      </testcase>
      </testsuite>
  <testsuite name="tests/test_galaxy_manager.gd" tests="2" failures="0" skipped="0" time="0.00021" >
      <testcase name="test_galaxy_manager_instantiates" assertions="1" status="pass" classname="tests/test_galaxy_manager.gd" time="0.000113" >
      </testcase>
      <testcase name="test_star_systems_dict_initially_empty" assertions="1" status="pass" classname="tests/test_galaxy_manager.gd" time="0.000097" >
      </testcase>
      </testsuite>
  <testsuite name="tests/test_game_manager.gd" tests="3" failures="0" skipped="0" time="0.000395" >
      <testcase name="test_game_manager_instantiates" assertions="1" status="pass" classname="tests/test_game_manager.gd" time="0.000111" >
      </testcase>
      <testcase name="test_initial_game_phase_is_setup" assertions="1" status="pass" classname="tests/test_game_manager.gd" time="0.000143" >
      </testcase>
      <testcase name="test_set_game_phase" assertions="1" status="pass" classname="tests/test_game_manager.gd" time="0.000141" >
      </testcase>
      </testsuite>
  <testsuite name="tests/test_main_menu.gd" tests="1" failures="0" skipped="0" time="0.098242" >
      <testcase name="test_main_menu_scene_loads" assertions="2" status="pass" classname="tests/test_main_menu.gd" time="0.098242" >
      </testcase>
      </testsuite>
  <testsuite name="tests/test_scene_validator.gd" tests="1" failures="0" skipped="0" time="0.994472" >
      <testcase name="test_all_scenes_load_without_errors" assertions="1" status="pass" classname="tests/test_scene_validator.gd" time="0.994472" >
      </testcase>
      </testsuite>
  <testsuite name="tests/test_static_analysis.gd" tests="2" failures="0" skipped="0" time="0.135836" >
      <testcase name="test_no_redundant_function_calls" assertions="1" status="pass" classname="tests/test_static_analysis.gd" time="0.12115" >
      </testcase>
      <testcase name="test_type_consistency" assertions="1" status="pass" classname="tests/test_static_analysis.gd" time="0.014686" >
      </testcase>
      </testsuite>
  <testsuite name="tests/test_turns_integration_cycle.gd" tests="1" failures="0" skipped="0" time="0.00162" >
      <testcase name="test_full_turn_cycle_updates_colony_production" assertions="2" status="pass" classname="tests/test_turns_integration_cycle.gd" time="0.00162" >
      </testcase>
      </testsuite>
  <testsuite name="tests/test_ui_layouts.gd" tests="0" failures="0" skipped="0" time="0.0" >
      </testsuite>
  </testsuites>