<?xml version="1.0" encoding="UTF-8"?>
<testsuites name="GutTests" failures="10" tests="57" >
  <testsuite name="tests/test_audio_manager.gd" tests="4" failures="1" skipped="0" time="0.009456" >
      <testcase name="test_audio_manager_instantiates" assertions="1" status="fail" classname="tests/test_audio_manager.gd" time="0.002192" >
      <failure message="failed"><![CDATA[Audio Manager should be a valid instance.
            at line -1]]></failure></testcase>
      <testcase name="test_set_master_volume" assertions="0" status="no asserts" classname="tests/test_audio_manager.gd" time="0.00241" >
      </testcase>
      <testcase name="test_play_sfx" assertions="0" status="no asserts" classname="tests/test_audio_manager.gd" time="0.002378" >
      </testcase>
      <testcase name="test_play_music" assertions="0" status="no asserts" classname="tests/test_audio_manager.gd" time="0.002476" >
      </testcase>
      </testsuite>
  <testsuite name="tests/test_colony_manager.gd" tests="2" failures="1" skipped="0" time="0.004404" >
      <testcase name="test_colony_manager_instantiates" assertions="1" status="fail" classname="tests/test_colony_manager.gd" time="0.001942" >
      <failure message="failed"><![CDATA[Colony Manager should be a valid instance.
            at line -1]]></failure></testcase>
      <testcase name="test_colonies_dict_initially_empty" assertions="0" status="no asserts" classname="tests/test_colony_manager.gd" time="0.002462" >
      </testcase>
      </testsuite>
  <testsuite name="tests/test_combat.gd" tests="1" failures="0" skipped="0" time="0.002538" >
      <testcase name="test_ship_combat_interaction" assertions="3" status="pass" classname="tests/test_combat.gd" time="0.002538" >
      </testcase>
      </testsuite>
  <testsuite name="tests/test_council_manager.gd" tests="7" failures="5" skipped="0" time="0.022465" >
      <testcase name="test_council_membership" assertions="0" status="no asserts" classname="tests/test_council_manager.gd" time="0.00244" >
      </testcase>
      <testcase name="test_council_elections" assertions="2" status="pass" classname="tests/test_council_manager.gd" time="0.000975" >
      </testcase>
      <testcase name="test_diplomatic_victory_session" assertions="1" status="pass" classname="tests/test_council_manager.gd" time="0.002946" >
      </testcase>
      <testcase name="test_voting_mechanics" assertions="4" status="fail" classname="tests/test_council_manager.gd" time="0.008612" >
      <failure message="failed"><![CDATA[Vote should be accepted
            at line -1]]></failure></testcase>
      <testcase name="test_invalid_votes" assertions="2" status="pass" classname="tests/test_council_manager.gd" time="0.002691" >
      </testcase>
      <testcase name="test_council_member_removal" assertions="2" status="pass" classname="tests/test_council_manager.gd" time="0.001447" >
      </testcase>
      <testcase name="test_insufficient_members" assertions="1" status="fail" classname="tests/test_council_manager.gd" time="0.003354" >
      <failure message="failed"><![CDATA[Session should not start with insufficient members
            at line -1]]></failure></testcase>
      </testsuite>
  <testsuite name="tests/test_data_manager.gd" tests="4" failures="2" skipped="0" time="0.005806" >
      <testcase name="test_technologies_are_loaded" assertions="1" status="pass" classname="tests/test_data_manager.gd" time="0.000492" >
      </testcase>
      <testcase name="test_get_technology_returns_valid_tech" assertions="1" status="fail" classname="tests/test_data_manager.gd" time="0.002876" >
      <failure message="failed"><![CDATA[Should return a valid resource.
            at line -1]]></failure></testcase>
      <testcase name="test_get_technology_returns_null_for_invalid_id" assertions="1" status="pass" classname="tests/test_data_manager.gd" time="0.000534" >
      </testcase>
      <testcase name="test_tech_tree_data_is_loaded" assertions="1" status="fail" classname="tests/test_data_manager.gd" time="0.001904" >
      <failure message="failed"><![CDATA[Tech tree should have categories.
            at line -1]]></failure></testcase>
      </testsuite>
  <testsuite name="tests/test_debug_manager.gd" tests="2" failures="0" skipped="0" time="0.001542" >
      <testcase name="test_debug_manager_instantiates" assertions="1" status="pass" classname="tests/test_debug_manager.gd" time="0.000556" >
      </testcase>
      <testcase name="test_log_action" assertions="1" status="pass" classname="tests/test_debug_manager.gd" time="0.000986" >
      </testcase>
      </testsuite>
  <testsuite name="tests/test_empire_manager.gd" tests="4" failures="1" skipped="0" time="0.009218" >
      <testcase name="test_empire_manager_instantiates" assertions="1" status="fail" classname="tests/test_empire_manager.gd" time="0.001902" >
      <failure message="failed"><![CDATA[Empire Manager should be a valid instance.
            at line -1]]></failure></testcase>
      <testcase name="test_empires_dict_initially_empty" assertions="0" status="no asserts" classname="tests/test_empire_manager.gd" time="0.002579" >
      </testcase>
      <testcase name="test_register_empire" assertions="0" status="no asserts" classname="tests/test_empire_manager.gd" time="0.002349" >
      </testcase>
      <testcase name="test_get_empire_by_id" assertions="0" status="no asserts" classname="tests/test_empire_manager.gd" time="0.002388" >
      </testcase>
      </testsuite>
  <testsuite name="tests/test_galaxy.gd" tests="1" failures="0" skipped="0" time="0.006319" >
      <testcase name="test_galaxy_generation_runs" assertions="2" status="pass" classname="tests/test_galaxy.gd" time="0.006319" >
      </testcase>
      </testsuite>
  <testsuite name="tests/test_galaxy_manager.gd" tests="2" failures="0" skipped="0" time="0.001123" >
      <testcase name="test_galaxy_manager_instantiates" assertions="1" status="pass" classname="tests/test_galaxy_manager.gd" time="0.000601" >
      </testcase>
      <testcase name="test_star_systems_dict_initially_empty" assertions="1" status="pass" classname="tests/test_galaxy_manager.gd" time="0.000522" >
      </testcase>
      </testsuite>
  <testsuite name="tests/test_game_manager.gd" tests="3" failures="0" skipped="0" time="0.001547" >
      <testcase name="test_game_manager_instantiates" assertions="1" status="pass" classname="tests/test_game_manager.gd" time="0.000492" >
      </testcase>
      <testcase name="test_initial_game_phase_is_setup" assertions="1" status="pass" classname="tests/test_game_manager.gd" time="0.000519" >
      </testcase>
      <testcase name="test_set_game_phase" assertions="1" status="pass" classname="tests/test_game_manager.gd" time="0.000536" >
      </testcase>
      </testsuite>
  <testsuite name="tests/test_game_setup.gd" tests="6" failures="0" skipped="0" time="0.005856" >
      <testcase name="test_game_setup_data_creation" assertions="1" status="pass" classname="tests/test_game_setup.gd" time="0.000598" >
      </testcase>
      <testcase name="test_game_setup_data_defaults" assertions="4" status="pass" classname="tests/test_game_setup.gd" time="0.000761" >
      </testcase>
      <testcase name="test_game_setup_data_validation" assertions="3" status="pass" classname="tests/test_game_setup.gd" time="0.002469" >
      </testcase>
      <testcase name="test_system_count_calculation" assertions="4" status="pass" classname="tests/test_game_setup.gd" time="0.000713" >
      </testcase>
      <testcase name="test_ai_resource_multiplier" assertions="4" status="pass" classname="tests/test_game_setup.gd" time="0.000649" >
      </testcase>
      <testcase name="test_static_creation_methods" assertions="6" status="pass" classname="tests/test_game_setup.gd" time="0.000666" >
      </testcase>
      </testsuite>
  <testsuite name="tests/test_main_menu.gd" tests="1" failures="0" skipped="0" time="0.147188" >
      <testcase name="test_main_menu_scene_loads" assertions="2" status="pass" classname="tests/test_main_menu.gd" time="0.147188" >
      </testcase>
      </testsuite>
  <testsuite name="tests/test_scene_validator.gd" tests="1" failures="0" skipped="0" time="0.787092" >
      <testcase name="test_all_scenes_load_without_errors" assertions="1" status="pass" classname="tests/test_scene_validator.gd" time="0.787092" >
      </testcase>
      </testsuite>
  <testsuite name="tests/test_static_analysis.gd" tests="2" failures="0" skipped="0" time="0.169127" >
      <testcase name="test_no_redundant_function_calls" assertions="1" status="pass" classname="tests/test_static_analysis.gd" time="0.145838" >
      </testcase>
      <testcase name="test_type_consistency" assertions="1" status="pass" classname="tests/test_static_analysis.gd" time="0.023289" >
      </testcase>
      </testsuite>
  <testsuite name="tests/test_technology_effect_manager.gd" tests="11" failures="0" skipped="0" time="0.028416" >
      <testcase name="test_technology_effect_parsing" assertions="0" status="no asserts" classname="tests/test_technology_effect_manager.gd" time="0.002599" >
      </testcase>
      <testcase name="test_technology_effect_application" assertions="0" status="no asserts" classname="tests/test_technology_effect_manager.gd" time="0.002367" >
      </testcase>
      <testcase name="test_colony_calculations_with_tech" assertions="0" status="no asserts" classname="tests/test_technology_effect_manager.gd" time="0.002345" >
      </testcase>
      <testcase name="test_technology_ability_unlocks" assertions="0" status="no asserts" classname="tests/test_technology_effect_manager.gd" time="0.002338" >
      </testcase>
      <testcase name="test_ship_bonuses_from_technology" assertions="0" status="no asserts" classname="tests/test_technology_effect_manager.gd" time="0.00265" >
      </testcase>
      <testcase name="test_population_growth_with_technology" assertions="0" status="no asserts" classname="tests/test_technology_effect_manager.gd" time="0.002309" >
      </testcase>
      <testcase name="test_empire_bonuses_accumulation" assertions="0" status="no asserts" classname="tests/test_technology_effect_manager.gd" time="0.004058" >
      </testcase>
      <testcase name="test_unknown_technology_effect" assertions="0" status="no asserts" classname="tests/test_technology_effect_manager.gd" time="0.00237" >
      </testcase>
      <testcase name="test_technology_effect_save_load" assertions="0" status="no asserts" classname="tests/test_technology_effect_manager.gd" time="0.002529" >
      </testcase>
      <testcase name="test_empty_technology_list" assertions="0" status="no asserts" classname="tests/test_technology_effect_manager.gd" time="0.002519" >
      </testcase>
      <testcase name="test_invalid_technology_id" assertions="0" status="no asserts" classname="tests/test_technology_effect_manager.gd" time="0.002332" >
      </testcase>
      </testsuite>
  <testsuite name="tests/test_turn_manager.gd" tests="5" failures="0" skipped="0" time="0.012268" >
      <testcase name="test_turn_sub_phases" assertions="0" status="no asserts" classname="tests/test_turn_manager.gd" time="0.002384" >
      </testcase>
      <testcase name="test_sub_phase_progression" assertions="0" status="no asserts" classname="tests/test_turn_manager.gd" time="0.0024" >
      </testcase>
      <testcase name="test_turn_initialization" assertions="0" status="no asserts" classname="tests/test_turn_manager.gd" time="0.002362" >
      </testcase>
      <testcase name="test_sub_phase_processing" assertions="0" status="no asserts" classname="tests/test_turn_manager.gd" time="0.002313" >
      </testcase>
      <testcase name="test_turn_signals" assertions="0" status="no asserts" classname="tests/test_turn_manager.gd" time="0.002809" >
      </testcase>
      </testsuite>
  <testsuite name="tests/test_turns_integration_cycle.gd" tests="1" failures="0" skipped="0" time="0.002403" >
      <testcase name="test_full_turn_cycle_updates_colony_production" assertions="0" status="no asserts" classname="tests/test_turns_integration_cycle.gd" time="0.002403" >
      </testcase>
      </testsuite>
  <testsuite name="tests/test_ui_layouts.gd" tests="0" failures="0" skipped="0" time="0.0" >
      </testsuite>
  </testsuites>